[2023-07-06 22:08:05.739] [puff::index::jointLog] [info] Running fixFasta
[2023-07-06 22:08:05.908] [puff::index::jointLog] [warning] Entry with header [ENA|AL123456|AL123456.3] was longer than 400000 nucleotides.  This is probably a chromosome instead of a transcript.
[2023-07-06 22:08:05.911] [puff::index::jointLog] [info] Replaced 0 non-ATCG nucleotides
[2023-07-06 22:08:05.911] [puff::index::jointLog] [info] Clipped poly-A tails from 0 transcripts
[2023-07-06 22:08:05.931] [puff::index::jointLog] [info] Filter size not provided; estimating from number of distinct k-mers
[2023-07-06 22:08:06.000] [puff::index::jointLog] [info] ntHll estimated 4313558 distinct k-mers, setting filter size to 2^27
[2023-07-06 22:08:08.733] [puff::index::jointLog] [info] Starting the Pufferfish indexing by reading the GFA binary file.
[2023-07-06 22:08:08.748] [puff::index::jointLog] [info] Setting the index/BinaryGfa directory AL123456.3.index
[2023-07-06 22:08:08.761] [puff::index::jointLog] [info] Done wrapping the rank vector with a rank9sel structure.
[2023-07-06 22:08:08.761] [puff::index::jointLog] [info] contig count for validation: 2,027
[2023-07-06 22:08:08.761] [puff::index::jointLog] [info] Total # of Contigs : 2,027
[2023-07-06 22:08:08.761] [puff::index::jointLog] [info] Total # of numerical Contigs : 2,027
[2023-07-06 22:08:08.761] [puff::index::jointLog] [info] Total # of contig vec entries: 3,581
[2023-07-06 22:08:08.761] [puff::index::jointLog] [info] bits per offset entry 12
[2023-07-06 22:08:08.761] [puff::index::jointLog] [info] Done constructing the contig vector. 2028
[2023-07-06 22:08:08.762] [puff::index::jointLog] [info] # segments = 2,027
[2023-07-06 22:08:08.762] [puff::index::jointLog] [info] total length = 4,408,044
[2023-07-06 22:08:08.762] [puff::index::jointLog] [info] Reading the reference files ...
[2023-07-06 22:08:08.791] [puff::index::jointLog] [info] positional integer width = 23
[2023-07-06 22:08:08.791] [puff::index::jointLog] [info] seqSize = 4,408,044
[2023-07-06 22:08:08.791] [puff::index::jointLog] [info] rankSize = 4,408,044
[2023-07-06 22:08:08.791] [puff::index::jointLog] [info] edgeVecSize = 0
[2023-07-06 22:08:08.791] [puff::index::jointLog] [info] num keys = 4,347,234
[2023-07-06 22:08:09.174] [puff::index::jointLog] [info] mphf size = 2.71605 MB
[2023-07-06 22:08:09.185] [puff::index::jointLog] [info] chunk size = 2,204,022
[2023-07-06 22:08:09.185] [puff::index::jointLog] [info] chunk 0 = [0, 2,204,022)
[2023-07-06 22:08:09.185] [puff::index::jointLog] [info] chunk 1 = [2,204,022, 4,408,014)
[2023-07-06 22:08:09.617] [puff::index::jointLog] [info] finished populating pos vector
[2023-07-06 22:08:09.617] [puff::index::jointLog] [info] writing index components
[2023-07-06 22:08:09.655] [puff::index::jointLog] [info] finished writing dense pufferfish index
